mode: set
github.com/heathcliff26/infraspace-savegame-editor/pkg/gui/app.go:48.17,71.2 13 0
github.com/heathcliff26/infraspace-savegame-editor/pkg/gui/app.go:73.21,75.2 1 0
github.com/heathcliff26/infraspace-savegame-editor/pkg/gui/app.go:77.39,79.2 1 0
github.com/heathcliff26/infraspace-savegame-editor/pkg/gui/app.go:81.63,82.16 1 0
github.com/heathcliff26/infraspace-savegame-editor/pkg/gui/app.go:82.16,85.3 2 0
github.com/heathcliff26/infraspace-savegame-editor/pkg/gui/app.go:86.2,86.16 1 0
github.com/heathcliff26/infraspace-savegame-editor/pkg/gui/app.go:86.16,88.3 1 0
github.com/heathcliff26/infraspace-savegame-editor/pkg/gui/app.go:90.2,92.16 3 0
github.com/heathcliff26/infraspace-savegame-editor/pkg/gui/app.go:92.16,95.3 2 0
github.com/heathcliff26/infraspace-savegame-editor/pkg/gui/app.go:97.2,103.36 6 0
github.com/heathcliff26/infraspace-savegame-editor/pkg/gui/app.go:103.36,105.3 1 0
github.com/heathcliff26/infraspace-savegame-editor/pkg/gui/app.go:108.31,109.33 1 0
github.com/heathcliff26/infraspace-savegame-editor/pkg/gui/app.go:109.33,112.3 2 0
github.com/heathcliff26/infraspace-savegame-editor/pkg/gui/app.go:114.2,114.39 1 0
github.com/heathcliff26/infraspace-savegame-editor/pkg/gui/app.go:114.39,116.17 2 0
github.com/heathcliff26/infraspace-savegame-editor/pkg/gui/app.go:116.17,119.4 2 0
github.com/heathcliff26/infraspace-savegame-editor/pkg/gui/app.go:120.3,121.17 2 0
github.com/heathcliff26/infraspace-savegame-editor/pkg/gui/app.go:121.17,124.4 2 0
github.com/heathcliff26/infraspace-savegame-editor/pkg/gui/app.go:127.2,127.33 1 0
github.com/heathcliff26/infraspace-savegame-editor/pkg/gui/app.go:127.33,129.3 1 0
github.com/heathcliff26/infraspace-savegame-editor/pkg/gui/app.go:129.8,130.39 1 0
github.com/heathcliff26/infraspace-savegame-editor/pkg/gui/app.go:130.39,131.33 1 0
github.com/heathcliff26/infraspace-savegame-editor/pkg/gui/app.go:131.33,133.5 1 0
github.com/heathcliff26/infraspace-savegame-editor/pkg/gui/app.go:133.10,135.5 1 0
github.com/heathcliff26/infraspace-savegame-editor/pkg/gui/app.go:139.2,140.16 2 0
github.com/heathcliff26/infraspace-savegame-editor/pkg/gui/app.go:140.16,143.3 2 0
github.com/heathcliff26/infraspace-savegame-editor/pkg/gui/app.go:144.2,144.57 1 0
github.com/heathcliff26/infraspace-savegame-editor/pkg/gui/app.go:144.57,146.3 1 0
github.com/heathcliff26/infraspace-savegame-editor/pkg/gui/app.go:148.2,156.20 3 0
github.com/heathcliff26/infraspace-savegame-editor/pkg/gui/app.go:156.20,157.15 1 0
github.com/heathcliff26/infraspace-savegame-editor/pkg/gui/app.go:157.15,159.18 2 0
github.com/heathcliff26/infraspace-savegame-editor/pkg/gui/app.go:159.18,162.5 2 0
github.com/heathcliff26/infraspace-savegame-editor/pkg/gui/app.go:163.4,163.93 1 0
github.com/heathcliff26/infraspace-savegame-editor/pkg/gui/app.go:166.3,167.17 2 0
github.com/heathcliff26/infraspace-savegame-editor/pkg/gui/app.go:167.17,170.4 2 0
github.com/heathcliff26/infraspace-savegame-editor/pkg/gui/app.go:171.8,173.3 1 0
github.com/heathcliff26/infraspace-savegame-editor/pkg/gui/app.go:176.32,177.39 1 0
github.com/heathcliff26/infraspace-savegame-editor/pkg/gui/app.go:177.39,179.10 2 0
github.com/heathcliff26/infraspace-savegame-editor/pkg/gui/app.go:179.10,181.4 1 0
github.com/heathcliff26/infraspace-savegame-editor/pkg/gui/app.go:182.3,183.17 2 0
github.com/heathcliff26/infraspace-savegame-editor/pkg/gui/app.go:183.17,186.4 2 0
github.com/heathcliff26/infraspace-savegame-editor/pkg/gui/app.go:187.3,187.27 1 0
github.com/heathcliff26/infraspace-savegame-editor/pkg/gui/app.go:190.2,191.34 2 0
github.com/heathcliff26/infraspace-savegame-editor/pkg/gui/app.go:191.34,193.41 2 0
github.com/heathcliff26/infraspace-savegame-editor/pkg/gui/app.go:193.41,194.34 1 0
github.com/heathcliff26/infraspace-savegame-editor/pkg/gui/app.go:194.34,197.10 3 0
github.com/heathcliff26/infraspace-savegame-editor/pkg/gui/app.go:201.2,206.16 5 0
github.com/heathcliff26/infraspace-savegame-editor/pkg/gui/app.go:206.16,209.3 2 0
github.com/heathcliff26/infraspace-savegame-editor/pkg/gui/app.go:210.2,210.46 1 0
github.com/heathcliff26/infraspace-savegame-editor/pkg/gui/app.go:213.41,214.25 1 1
github.com/heathcliff26/infraspace-savegame-editor/pkg/gui/app.go:214.25,216.23 2 0
github.com/heathcliff26/infraspace-savegame-editor/pkg/gui/app.go:216.23,219.4 1 0
github.com/heathcliff26/infraspace-savegame-editor/pkg/gui/app.go:220.3,220.17 1 0
github.com/heathcliff26/infraspace-savegame-editor/pkg/gui/app.go:220.17,223.4 2 0
github.com/heathcliff26/infraspace-savegame-editor/pkg/gui/app.go:225.3,226.17 2 0
github.com/heathcliff26/infraspace-savegame-editor/pkg/gui/app.go:226.17,229.4 2 0
github.com/heathcliff26/infraspace-savegame-editor/pkg/gui/app.go:231.3,232.17 2 0
github.com/heathcliff26/infraspace-savegame-editor/pkg/gui/app.go:232.17,235.4 2 0
github.com/heathcliff26/infraspace-savegame-editor/pkg/gui/app.go:237.3,241.16 5 0
github.com/heathcliff26/infraspace-savegame-editor/pkg/gui/app.go:243.2,247.25 4 1
github.com/heathcliff26/infraspace-savegame-editor/pkg/gui/app.go:247.25,251.3 3 0
github.com/heathcliff26/infraspace-savegame-editor/pkg/gui/app.go:253.2,256.24 3 1
github.com/heathcliff26/infraspace-savegame-editor/pkg/gui/app.go:256.24,259.3 2 0
github.com/heathcliff26/infraspace-savegame-editor/pkg/gui/app.go:261.2,264.15 3 1
github.com/heathcliff26/infraspace-savegame-editor/pkg/gui/app.go:273.52,277.38 3 1
github.com/heathcliff26/infraspace-savegame-editor/pkg/gui/app.go:277.38,282.47 5 1
github.com/heathcliff26/infraspace-savegame-editor/pkg/gui/app.go:282.47,284.18 2 0
github.com/heathcliff26/infraspace-savegame-editor/pkg/gui/app.go:284.18,287.5 2 0
github.com/heathcliff26/infraspace-savegame-editor/pkg/gui/app.go:288.4,288.21 1 0
github.com/heathcliff26/infraspace-savegame-editor/pkg/gui/app.go:290.3,293.62 4 1
github.com/heathcliff26/infraspace-savegame-editor/pkg/gui/app.go:296.2,297.74 2 1
github.com/heathcliff26/infraspace-savegame-editor/pkg/gui/app.go:305.51,309.42 4 1
github.com/heathcliff26/infraspace-savegame-editor/pkg/gui/app.go:309.42,313.3 3 1
github.com/heathcliff26/infraspace-savegame-editor/pkg/gui/app.go:314.2,317.32 3 1
github.com/heathcliff26/infraspace-savegame-editor/pkg/gui/app.go:317.32,319.27 2 1
github.com/heathcliff26/infraspace-savegame-editor/pkg/gui/app.go:319.27,320.24 1 1
github.com/heathcliff26/infraspace-savegame-editor/pkg/gui/app.go:320.24,323.5 2 1
github.com/heathcliff26/infraspace-savegame-editor/pkg/gui/app.go:323.10,325.10 2 1
github.com/heathcliff26/infraspace-savegame-editor/pkg/gui/app.go:328.3,328.49 1 1
github.com/heathcliff26/infraspace-savegame-editor/pkg/gui/app.go:330.2,332.82 2 1
github.com/heathcliff26/infraspace-savegame-editor/pkg/gui/app.go:332.82,333.35 1 1
github.com/heathcliff26/infraspace-savegame-editor/pkg/gui/app.go:333.35,334.15 1 1
github.com/heathcliff26/infraspace-savegame-editor/pkg/gui/app.go:334.15,336.5 1 1
github.com/heathcliff26/infraspace-savegame-editor/pkg/gui/app.go:336.10,338.5 1 1
github.com/heathcliff26/infraspace-savegame-editor/pkg/gui/app.go:342.2,342.66 1 1
github.com/heathcliff26/infraspace-savegame-editor/pkg/gui/app.go:342.66,344.39 2 0
github.com/heathcliff26/infraspace-savegame-editor/pkg/gui/app.go:344.39,345.45 1 0
github.com/heathcliff26/infraspace-savegame-editor/pkg/gui/app.go:345.45,348.5 2 0
github.com/heathcliff26/infraspace-savegame-editor/pkg/gui/app.go:351.2,355.60 3 1
github.com/heathcliff26/infraspace-savegame-editor/pkg/gui/app.go:369.50,377.57 2 1
github.com/heathcliff26/infraspace-savegame-editor/pkg/gui/app.go:377.57,378.8 1 0
github.com/heathcliff26/infraspace-savegame-editor/pkg/gui/app.go:378.8,381.4 2 0
github.com/heathcliff26/infraspace-savegame-editor/pkg/gui/app.go:381.9,383.4 1 0
github.com/heathcliff26/infraspace-savegame-editor/pkg/gui/app.go:384.3,384.40 1 0
github.com/heathcliff26/infraspace-savegame-editor/pkg/gui/app.go:387.2,397.67 9 1
github.com/heathcliff26/infraspace-savegame-editor/pkg/gui/app.go:400.53,401.25 1 1
github.com/heathcliff26/infraspace-savegame-editor/pkg/gui/app.go:401.25,402.90 1 0
github.com/heathcliff26/infraspace-savegame-editor/pkg/gui/app.go:402.90,403.9 1 0
github.com/heathcliff26/infraspace-savegame-editor/pkg/gui/app.go:403.9,405.5 1 0
github.com/heathcliff26/infraspace-savegame-editor/pkg/gui/app.go:408.2,415.85 6 1
github.com/heathcliff26/infraspace-savegame-editor/pkg/gui/utils.go:10.44,28.2 14 0
github.com/heathcliff26/infraspace-savegame-editor/pkg/gui/utils.go:30.42,34.2 3 1
github.com/heathcliff26/infraspace-savegame-editor/pkg/gui/utils.go:36.64,43.2 6 1
github.com/heathcliff26/infraspace-savegame-editor/pkg/save/errors.go:9.44,11.2 1 0
github.com/heathcliff26/infraspace-savegame-editor/pkg/save/errors.go:13.40,15.2 1 0
github.com/heathcliff26/infraspace-savegame-editor/pkg/save/json.go:144.61,147.16 3 1
github.com/heathcliff26/infraspace-savegame-editor/pkg/save/json.go:147.16,149.3 1 0
github.com/heathcliff26/infraspace-savegame-editor/pkg/save/json.go:151.2,152.16 2 1
github.com/heathcliff26/infraspace-savegame-editor/pkg/save/json.go:152.16,154.3 1 0
github.com/heathcliff26/infraspace-savegame-editor/pkg/save/json.go:155.2,156.16 2 1
github.com/heathcliff26/infraspace-savegame-editor/pkg/save/json.go:156.16,158.3 1 0
github.com/heathcliff26/infraspace-savegame-editor/pkg/save/json.go:159.2,160.16 2 1
github.com/heathcliff26/infraspace-savegame-editor/pkg/save/json.go:160.16,162.3 1 0
github.com/heathcliff26/infraspace-savegame-editor/pkg/save/json.go:163.2,164.16 2 1
github.com/heathcliff26/infraspace-savegame-editor/pkg/save/json.go:164.16,166.3 1 0
github.com/heathcliff26/infraspace-savegame-editor/pkg/save/json.go:167.2,168.16 2 1
github.com/heathcliff26/infraspace-savegame-editor/pkg/save/json.go:168.16,170.3 1 0
github.com/heathcliff26/infraspace-savegame-editor/pkg/save/json.go:172.2,176.16 3 1
github.com/heathcliff26/infraspace-savegame-editor/pkg/save/json.go:176.16,178.3 1 0
github.com/heathcliff26/infraspace-savegame-editor/pkg/save/json.go:179.2,179.18 1 1
github.com/heathcliff26/infraspace-savegame-editor/pkg/save/json.go:180.37,184.17 4 1
github.com/heathcliff26/infraspace-savegame-editor/pkg/save/json.go:184.17,186.4 1 0
github.com/heathcliff26/infraspace-savegame-editor/pkg/save/json.go:187.3,187.28 1 1
github.com/heathcliff26/infraspace-savegame-editor/pkg/save/json.go:188.22,192.17 4 1
github.com/heathcliff26/infraspace-savegame-editor/pkg/save/json.go:192.17,194.4 1 0
github.com/heathcliff26/infraspace-savegame-editor/pkg/save/json.go:195.3,195.28 1 1
github.com/heathcliff26/infraspace-savegame-editor/pkg/save/json.go:196.40,197.27 1 1
github.com/heathcliff26/infraspace-savegame-editor/pkg/save/json.go:198.38,199.25 1 1
github.com/heathcliff26/infraspace-savegame-editor/pkg/save/json.go:200.10,201.24 1 1
github.com/heathcliff26/infraspace-savegame-editor/pkg/save/json.go:203.2,203.16 1 1
github.com/heathcliff26/infraspace-savegame-editor/pkg/save/json.go:203.16,206.17 3 1
github.com/heathcliff26/infraspace-savegame-editor/pkg/save/json.go:206.17,208.4 1 0
github.com/heathcliff26/infraspace-savegame-editor/pkg/save/json.go:209.3,209.26 1 1
github.com/heathcliff26/infraspace-savegame-editor/pkg/save/json.go:212.2,212.12 1 1
github.com/heathcliff26/infraspace-savegame-editor/pkg/save/save.go:20.51,22.16 2 0
github.com/heathcliff26/infraspace-savegame-editor/pkg/save/save.go:22.16,24.3 1 0
github.com/heathcliff26/infraspace-savegame-editor/pkg/save/save.go:26.2,28.16 3 0
github.com/heathcliff26/infraspace-savegame-editor/pkg/save/save.go:28.16,30.3 1 0
github.com/heathcliff26/infraspace-savegame-editor/pkg/save/save.go:32.2,37.8 1 0
github.com/heathcliff26/infraspace-savegame-editor/pkg/save/save.go:41.33,43.16 2 0
github.com/heathcliff26/infraspace-savegame-editor/pkg/save/save.go:43.16,45.3 1 0
github.com/heathcliff26/infraspace-savegame-editor/pkg/save/save.go:47.2,49.12 3 0
github.com/heathcliff26/infraspace-savegame-editor/pkg/save/save.go:53.45,57.38 4 0
github.com/heathcliff26/infraspace-savegame-editor/pkg/save/save.go:57.38,61.3 3 0
github.com/heathcliff26/infraspace-savegame-editor/pkg/save/save.go:63.2,64.16 2 0
github.com/heathcliff26/infraspace-savegame-editor/pkg/save/save.go:64.16,66.3 1 0
github.com/heathcliff26/infraspace-savegame-editor/pkg/save/save.go:68.2,69.16 2 0
github.com/heathcliff26/infraspace-savegame-editor/pkg/save/save.go:69.16,71.3 1 0
github.com/heathcliff26/infraspace-savegame-editor/pkg/save/save.go:73.2,73.17 1 0
github.com/heathcliff26/infraspace-savegame-editor/pkg/save/save.go:76.34,78.2 1 0
github.com/heathcliff26/infraspace-savegame-editor/pkg/save/save.go:80.36,82.2 1 0
github.com/heathcliff26/infraspace-savegame-editor/pkg/save/save.go:84.37,86.2 1 0
github.com/heathcliff26/infraspace-savegame-editor/pkg/save/save.go:89.56,92.2 2 0
github.com/heathcliff26/infraspace-savegame-editor/pkg/save/save.go:95.51,97.40 2 0
github.com/heathcliff26/infraspace-savegame-editor/pkg/save/save.go:97.40,98.56 1 0
github.com/heathcliff26/infraspace-savegame-editor/pkg/save/save.go:98.56,100.4 1 0
github.com/heathcliff26/infraspace-savegame-editor/pkg/save/save.go:102.2,102.12 1 0
github.com/heathcliff26/infraspace-savegame-editor/pkg/save/save.go:106.48,108.2 1 0
github.com/heathcliff26/infraspace-savegame-editor/pkg/save/save.go:111.48,113.2 1 0
github.com/heathcliff26/infraspace-savegame-editor/pkg/save/save.go:116.48,117.82 1 0
github.com/heathcliff26/infraspace-savegame-editor/pkg/save/save.go:117.82,120.3 2 0
github.com/heathcliff26/infraspace-savegame-editor/pkg/save/save.go:124.46,125.82 1 0
github.com/heathcliff26/infraspace-savegame-editor/pkg/save/save.go:125.82,128.3 2 0
github.com/heathcliff26/infraspace-savegame-editor/pkg/save/save.go:132.40,133.62 1 0
github.com/heathcliff26/infraspace-savegame-editor/pkg/save/save.go:133.62,135.3 1 0
github.com/heathcliff26/infraspace-savegame-editor/pkg/save/save.go:139.55,143.14 3 0
github.com/heathcliff26/infraspace-savegame-editor/pkg/save/save.go:143.14,145.3 1 0
github.com/heathcliff26/infraspace-savegame-editor/pkg/save/save.go:146.2,146.13 1 0
github.com/heathcliff26/infraspace-savegame-editor/pkg/save/save.go:150.78,152.27 2 0
github.com/heathcliff26/infraspace-savegame-editor/pkg/save/save.go:152.27,159.3 3 0
github.com/heathcliff26/infraspace-savegame-editor/pkg/save/save.go:160.2,160.47 1 0
github.com/heathcliff26/infraspace-savegame-editor/pkg/save/save.go:164.61,165.42 1 0
github.com/heathcliff26/infraspace-savegame-editor/pkg/save/save.go:165.42,169.3 3 0
github.com/heathcliff26/infraspace-savegame-editor/pkg/save/save.go:169.8,171.3 1 0
github.com/heathcliff26/infraspace-savegame-editor/pkg/save/save.go:182.60,183.53 1 0
github.com/heathcliff26/infraspace-savegame-editor/pkg/save/save.go:183.53,185.39 2 0
github.com/heathcliff26/infraspace-savegame-editor/pkg/save/save.go:185.39,186.98 1 0
github.com/heathcliff26/infraspace-savegame-editor/pkg/save/save.go:186.98,187.27 1 0
github.com/heathcliff26/infraspace-savegame-editor/pkg/save/save.go:187.27,189.6 1 0
github.com/heathcliff26/infraspace-savegame-editor/pkg/save/save.go:190.5,190.27 1 0
github.com/heathcliff26/infraspace-savegame-editor/pkg/save/save.go:190.27,192.6 1 0
github.com/heathcliff26/infraspace-savegame-editor/pkg/save/save.go:195.4,195.98 1 0
github.com/heathcliff26/infraspace-savegame-editor/pkg/save/save.go:195.98,196.27 1 0
github.com/heathcliff26/infraspace-savegame-editor/pkg/save/save.go:196.27,198.6 1 0
github.com/heathcliff26/infraspace-savegame-editor/pkg/save/save.go:198.11,198.142 1 0
github.com/heathcliff26/infraspace-savegame-editor/pkg/save/save.go:198.142,200.6 1 0
github.com/heathcliff26/infraspace-savegame-editor/pkg/save/save.go:203.3,203.19 1 0
github.com/heathcliff26/infraspace-savegame-editor/pkg/save/save.go:207.60,213.2 5 0
github.com/heathcliff26/infraspace-savegame-editor/pkg/save/utils.go:14.31,18.2 3 1
github.com/heathcliff26/infraspace-savegame-editor/pkg/save/utils.go:20.31,24.2 3 1
github.com/heathcliff26/infraspace-savegame-editor/pkg/save/utils.go:26.44,28.16 2 1
github.com/heathcliff26/infraspace-savegame-editor/pkg/save/utils.go:28.16,30.3 1 0
github.com/heathcliff26/infraspace-savegame-editor/pkg/save/utils.go:32.2,33.22 2 1
github.com/heathcliff26/infraspace-savegame-editor/pkg/save/utils.go:34.17,35.33 1 0
github.com/heathcliff26/infraspace-savegame-editor/pkg/save/utils.go:36.15,38.33 2 1
github.com/heathcliff26/infraspace-savegame-editor/pkg/save/utils.go:40.2,40.64 1 1
github.com/heathcliff26/infraspace-savegame-editor/pkg/save/utils.go:40.64,42.3 1 0
github.com/heathcliff26/infraspace-savegame-editor/pkg/save/utils.go:42.8,44.3 1 1
github.com/heathcliff26/infraspace-savegame-editor/pkg/save/utils.go:47.44,49.2 1 1
github.com/heathcliff26/infraspace-savegame-editor/pkg/save/utils.go:51.56,53.16 2 1
github.com/heathcliff26/infraspace-savegame-editor/pkg/save/utils.go:53.16,55.3 1 0
github.com/heathcliff26/infraspace-savegame-editor/pkg/save/utils.go:56.2,58.11 3 1
github.com/heathcliff26/infraspace-savegame-editor/pkg/save/utils.go:58.11,60.3 1 0
github.com/heathcliff26/infraspace-savegame-editor/pkg/save/utils.go:61.2,61.48 1 1
github.com/heathcliff26/infraspace-savegame-editor/pkg/save/utils.go:64.52,65.38 1 1
github.com/heathcliff26/infraspace-savegame-editor/pkg/save/utils.go:65.38,67.3 1 1
github.com/heathcliff26/infraspace-savegame-editor/pkg/save/utils.go:68.2,70.17 3 1
github.com/heathcliff26/infraspace-savegame-editor/pkg/save/utils.go:73.42,74.25 1 1
github.com/heathcliff26/infraspace-savegame-editor/pkg/save/utils.go:74.25,76.3 1 1
github.com/heathcliff26/infraspace-savegame-editor/pkg/save/utils.go:77.2,77.16 1 1
github.com/heathcliff26/infraspace-savegame-editor/pkg/save/utils.go:80.52,81.88 1 1
github.com/heathcliff26/infraspace-savegame-editor/pkg/save/utils.go:81.88,83.3 1 1
github.com/heathcliff26/infraspace-savegame-editor/pkg/save/utils.go:84.2,84.94 1 1
github.com/heathcliff26/infraspace-savegame-editor/pkg/save/utils.go:84.94,86.3 1 1
github.com/heathcliff26/infraspace-savegame-editor/pkg/save/utils.go:87.2,87.17 1 1
github.com/heathcliff26/infraspace-savegame-editor/pkg/save/utils.go:90.41,98.16 6 1
github.com/heathcliff26/infraspace-savegame-editor/pkg/save/utils.go:98.16,100.3 1 0
github.com/heathcliff26/infraspace-savegame-editor/pkg/save/utils.go:101.2,101.26 1 1
